Determining if the pthread_create exist failed with the following output:
Change Dir: /cpp/paho.mqtt.cpp/build/CMakeFiles/CMakeTmp

Run Build Command:"/usr/bin/make" "cmTC_bf73d/fast"
/usr/bin/make -f CMakeFiles/cmTC_bf73d.dir/build.make CMakeFiles/cmTC_bf73d.dir/build
make[1]: Entering directory '/cpp/paho.mqtt.cpp/build/CMakeFiles/CMakeTmp'
Building CXX object CMakeFiles/cmTC_bf73d.dir/CheckSymbolExists.cxx.o
/usr/bin/c++    -fPIE   -o CMakeFiles/cmTC_bf73d.dir/CheckSymbolExists.cxx.o -c /cpp/paho.mqtt.cpp/build/CMakeFiles/CMakeTmp/CheckSymbolExists.cxx
Linking CXX executable cmTC_bf73d
/usr/bin/cmake -E cmake_link_script CMakeFiles/cmTC_bf73d.dir/link.txt --verbose=1
/usr/bin/c++       CMakeFiles/cmTC_bf73d.dir/CheckSymbolExists.cxx.o  -o cmTC_bf73d 
/usr/bin/ld: CMakeFiles/cmTC_bf73d.dir/CheckSymbolExists.cxx.o: in function `main':
CheckSymbolExists.cxx:(.text+0x1b): undefined reference to `pthread_create'
collect2: error: ld returned 1 exit status
make[1]: *** [CMakeFiles/cmTC_bf73d.dir/build.make:87: cmTC_bf73d] Error 1
make[1]: Leaving directory '/cpp/paho.mqtt.cpp/build/CMakeFiles/CMakeTmp'
make: *** [Makefile:121: cmTC_bf73d/fast] Error 2

File /cpp/paho.mqtt.cpp/build/CMakeFiles/CMakeTmp/CheckSymbolExists.cxx:
/* */
#include <pthread.h>

int main(int argc, char** argv)
{
  (void)argv;
#ifndef pthread_create
  return ((int*)(&pthread_create))[argc];
#else
  (void)argc;
  return 0;
#endif
}

